<?xml version="1.0" encoding="UTF-8"?>
<testng-results ignored="3" total="4" passed="1" failed="0" skipped="0">
  <reporter-output>
  </reporter-output>
  <suite started-at="2022-11-24T12:15:51 IST" name="Default suite" finished-at="2022-11-24T12:16:08 IST" duration-ms="16677">
    <groups>
    </groups>
    <test started-at="2022-11-24T12:15:51 IST" name="Default test" finished-at="2022-11-24T12:16:08 IST" duration-ms="16677">
      <class name="com.hrm.testcases.HrmLogin">
        <test-method is-config="true" signature="setUp()[pri:0, instance:com.hrm.testcases.HrmLogin@747edf66]" started-at="2022-11-24T12:15:51 IST" name="setUp" finished-at="2022-11-24T12:16:03 IST" duration-ms="12303" status="PASS">
          <reporter-output>
          </reporter-output>
        </test-method> <!-- setUp -->
        <test-method signature="validAdminLogin()[pri:0, instance:com.hrm.testcases.HrmLogin@747edf66]" started-at="2022-11-24T12:16:03 IST" name="validAdminLogin" finished-at="2022-11-24T12:16:06 IST" duration-ms="3026" status="PASS">
          <reporter-output>
          </reporter-output>
        </test-method> <!-- validAdminLogin -->
        <test-method is-config="true" signature="tearDown()[pri:0, instance:com.hrm.testcases.HrmLogin@747edf66]" started-at="2022-11-24T12:16:06 IST" name="tearDown" finished-at="2022-11-24T12:16:08 IST" duration-ms="1254" status="PASS">
          <reporter-output>
          </reporter-output>
        </test-method> <!-- tearDown -->
      </class> <!-- com.hrm.testcases.HrmLogin -->
    </test> <!-- Default test -->
  </suite> <!-- Default suite -->
</testng-results>
