<?xml version="1.0" encoding="UTF-8"?>
<!-- Generated by org.testng.reporters.JUnitXMLReporter -->
<testsuite ignored="3" hostname="DESKTOP-GHDB9E9" failures="0" tests="1" name="Default test" time="16.677" errors="0" timestamp="2022-11-24T12:16:08 IST">
  <testcase classname="com.hrm.testcases.HrmLogin" name="validAdminLogin" time="3.026"/>
  <testcase classname="com.hrm.testcases.HrmLogin" name="invalidpassword" time="0.0">
    <ignored/>
  </testcase> <!-- invalidpassword -->
  <testcase classname="com.hrm.testcases.HrmLogin" name="dataDrivenTest" time="0.0">
    <ignored/>
  </testcase> <!-- dataDrivenTest -->
  <testcase classname="com.hrm.testcases.HrmLogin" name="invalidUsername" time="0.0">
    <ignored/>
  </testcase> <!-- invalidUsername -->
</testsuite> <!-- Default test -->
